<?xml version="1.0" encoding="UTF-8"?>
<testsuite xmlns:xsi="http://www.w3.org/2001/XMLSchema-instance" xsi:noNamespaceSchemaLocation="https://maven.apache.org/surefire/maven-surefire-plugin/xsd/surefire-test-report-3.0.xsd" version="3.0" name="br.ifs.compiladores.MiniPythonLexerTest" time="0.049" tests="6" errors="0" skipped="0" failures="0">
  <properties>
[...]
</properties>
  <testcase name="testLexicalError" classname="br.ifs.compiladores.MiniPythonLexerTest" time="0.02"/>
  <testcase name="testWhileLoop" classname="br.ifs.compiladores.MiniPythonLexerTest" time="0.002"/>
  <testcase name="testBuiltIns" classname="br.ifs.compiladores.MiniPythonLexerTest" time="0.001"/>
  <testcase name="testIndentationIfElse" classname="br.ifs.compiladores.MiniPythonLexerTest" time="0.001"/>
  <testcase name="testOperatorsAndPrecedenceTokens" classname="br.ifs.compiladores.MiniPythonLexerTest" time="0.0"/>
  <testcase name="testFloatAndStrings" classname="br.ifs.compiladores.MiniPythonLexerTest" time="0.001"/>
</testsuite>